<html>
<head>
<title>TestNG:  AllTests</title>
<link href="../testng.css" rel="stylesheet" type="text/css" />
<link href="../my-testng.css" rel="stylesheet" type="text/css" />

<style type="text/css">
.log { display: none;} 
.stack-trace { display: none;} 
</style>
<script type="text/javascript">
<!--
function flip(e) {
  current = e.style.display;
  if (current == 'block') {
    e.style.display = 'none';
    return 0;
  }
  else {
    e.style.display = 'block';
    return 1;
  }
}

function toggleBox(szDivId, elem, msg1, msg2)
{
  var res = -1;  if (document.getElementById) {
    res = flip(document.getElementById(szDivId));
  }
  else if (document.all) {
    // this is the way old msie versions work
    res = flip(document.all[szDivId]);
  }
  if(elem) {
    if(res == 0) elem.innerHTML = msg1; else elem.innerHTML = msg2;
  }

}

function toggleAllBoxes() {
  if (document.getElementsByTagName) {
    d = document.getElementsByTagName('div');
    for (i = 0; i < d.length; i++) {
      if (d[i].className == 'log') {
        flip(d[i]);
      }
    }
  }
}

// -->
</script>

</head>
<body>
<h2 align='center'>AllTests</h2><table border='1' align="center">
<tr>
<td>Tests passed/Failed/Skipped:</td><td>18/0/1</td>
</tr><tr>
<td>Started on:</td><td>Sat Nov 02 09:23:13 GMT 2024</td>
</tr>
<tr><td>Total time:</td><td>23 seconds (23773 ms)</td>
</tr><tr>
<td>Included groups:</td><td></td>
</tr><tr>
<td>Excluded groups:</td><td></td>
</tr>
</table><p/>
<small><i>(Hover the method name to see the test class name)</i></small><p/>
<table width='100%' border='1' class='invocation-failed'>
<tr><td colspan='4' align='center'><b>FAILED CONFIGURATIONS</b></td></tr>
<tr><td><b>Test method</b></td>
<td width="30%"><b>Exception</b></td>
<td width="10%"><b>Time (seconds)</b></td>
<td><b>Instance</b></td>
</tr>
<tr>
<td title='com.sportyshoesTestCases.AdminLoginPageTest.adminLogin()'><b>adminLogin</b><br>Test class: com.sportyshoesTestCases.AdminLoginPageTest</td>
<td><div><pre>org.openqa.selenium.UnhandledAlertException: unexpected alert open: {Alert text : User created successfully!}
  (Session info: chrome=127.0.6533.73): User created successfully!
Build info: version: &apos;4.19.1&apos;, revision: &apos;abe0ee07dc&apos;
System info: os.name: &apos;Windows 10&apos;, os.arch: &apos;amd64&apos;, os.version: &apos;10.0&apos;, java.version: &apos;21.0.3&apos;
Driver info: org.openqa.selenium.chrome.ChromeDriver
Command: [d13a43bc38eb1fb8a0e50afd10d65239, get {url=http://localhost:9292/login}]
Capabilities {acceptInsecureCerts: false, browserName: chrome, browserVersion: 127.0.6533.73, chrome: {chromedriverVersion: 127.0.6533.119 (bdef6783a05..., userDataDir: C:\Users\sunil\AppData\Loca...}, fedcm:accounts: true, goog:chromeOptions: {debuggerAddress: localhost:55866}, networkConnectionEnabled: false, pageLoadStrategy: normal, platformName: windows, proxy: Proxy(), se:cdp: ws://localhost:55866/devtoo..., se:cdpVersion: 127.0.6533.73, setWindowRect: true, strictFileInteractability: false, timeouts: {implicit: 0, pageLoad: 300000, script: 30000}, unhandledPromptBehavior: dismiss and notify, webauthn:extension:credBlob: true, webauthn:extension:largeBlob: true, webauthn:extension:minPinLength: true, webauthn:extension:prf: true, webauthn:virtualAuthenticators: true}
Session ID: d13a43bc38eb1fb8a0e50afd10d65239
	at org.openqa.selenium.remote.codec.w3c.W3CHttpResponseCodec.decode(W3CHttpResponseCodec.java:136)
	at org.openqa.selenium.remote.codec.w3c.W3CHttpResponseCodec.decode(W3CHttpResponseCodec.java:50)
	at org.openqa.selenium.remote.HttpCommandExecutor.execute(HttpCommandExecutor.java:190)
	at org.openqa.selenium.remote.service.DriverCommandExecutor.invokeExecute(DriverCommandExecutor.java:216)
	at org.openqa.selenium.remote.service.DriverCommandExecutor.execute(DriverCommandExecutor.java:174)
	at org.openqa.selenium.remote.RemoteWebDriver.execute(RemoteWebDriver.java:518)
	at org.openqa.selenium.remote.RemoteWebDriver.get(RemoteWebDriver.java:300)
	at com.base.BaseClass.login(BaseClass.java:47)
	at com.sportyshoesTestCases.AdminLoginPageTest.adminLogin(AdminLoginPageTest.java:25)
	at java.base/java.util.ArrayList.forEach(ArrayList.java:1596)
... Removed 29 stack frames</pre></div><a href='#' onClick='toggleBox("stack-trace1711641083", this, "Click to show all stack frames", "Click to hide stack frames")'>Click to show all stack frames</a>
<div class='stack-trace' id='stack-trace1711641083'><pre>org.openqa.selenium.UnhandledAlertException: unexpected alert open: {Alert text : User created successfully!}
  (Session info: chrome=127.0.6533.73): User created successfully!
Build info: version: &apos;4.19.1&apos;, revision: &apos;abe0ee07dc&apos;
System info: os.name: &apos;Windows 10&apos;, os.arch: &apos;amd64&apos;, os.version: &apos;10.0&apos;, java.version: &apos;21.0.3&apos;
Driver info: org.openqa.selenium.chrome.ChromeDriver
Command: [d13a43bc38eb1fb8a0e50afd10d65239, get {url=http://localhost:9292/login}]
Capabilities {acceptInsecureCerts: false, browserName: chrome, browserVersion: 127.0.6533.73, chrome: {chromedriverVersion: 127.0.6533.119 (bdef6783a05..., userDataDir: C:\Users\sunil\AppData\Loca...}, fedcm:accounts: true, goog:chromeOptions: {debuggerAddress: localhost:55866}, networkConnectionEnabled: false, pageLoadStrategy: normal, platformName: windows, proxy: Proxy(), se:cdp: ws://localhost:55866/devtoo..., se:cdpVersion: 127.0.6533.73, setWindowRect: true, strictFileInteractability: false, timeouts: {implicit: 0, pageLoad: 300000, script: 30000}, unhandledPromptBehavior: dismiss and notify, webauthn:extension:credBlob: true, webauthn:extension:largeBlob: true, webauthn:extension:minPinLength: true, webauthn:extension:prf: true, webauthn:virtualAuthenticators: true}
Session ID: d13a43bc38eb1fb8a0e50afd10d65239
	at org.openqa.selenium.remote.codec.w3c.W3CHttpResponseCodec.decode(W3CHttpResponseCodec.java:136)
	at org.openqa.selenium.remote.codec.w3c.W3CHttpResponseCodec.decode(W3CHttpResponseCodec.java:50)
	at org.openqa.selenium.remote.HttpCommandExecutor.execute(HttpCommandExecutor.java:190)
	at org.openqa.selenium.remote.service.DriverCommandExecutor.invokeExecute(DriverCommandExecutor.java:216)
	at org.openqa.selenium.remote.service.DriverCommandExecutor.execute(DriverCommandExecutor.java:174)
	at org.openqa.selenium.remote.RemoteWebDriver.execute(RemoteWebDriver.java:518)
	at org.openqa.selenium.remote.RemoteWebDriver.get(RemoteWebDriver.java:300)
	at com.base.BaseClass.login(BaseClass.java:47)
	at com.sportyshoesTestCases.AdminLoginPageTest.adminLogin(AdminLoginPageTest.java:25)
	at java.base/jdk.internal.reflect.DirectMethodHandleAccessor.invoke(DirectMethodHandleAccessor.java:103)
	at java.base/java.lang.reflect.Method.invoke(Method.java:580)
	at org.testng.internal.MethodInvocationHelper.invokeMethod(MethodInvocationHelper.java:133)
	at org.testng.internal.MethodInvocationHelper.invokeMethodConsideringTimeout(MethodInvocationHelper.java:62)
	at org.testng.internal.ConfigInvoker.invokeConfigurationMethod(ConfigInvoker.java:385)
	at org.testng.internal.ConfigInvoker.invokeConfigurations(ConfigInvoker.java:321)
	at org.testng.internal.TestInvoker.runConfigMethods(TestInvoker.java:700)
	at org.testng.internal.TestInvoker.invokeMethod(TestInvoker.java:527)
	at org.testng.internal.TestInvoker.invokeTestMethod(TestInvoker.java:173)
	at org.testng.internal.MethodRunner.runInSequence(MethodRunner.java:46)
	at org.testng.internal.TestInvoker$MethodInvocationAgent.invoke(TestInvoker.java:824)
	at org.testng.internal.TestInvoker.invokeTestMethods(TestInvoker.java:146)
	at org.testng.internal.TestMethodWorker.invokeTestMethods(TestMethodWorker.java:146)
	at org.testng.internal.TestMethodWorker.run(TestMethodWorker.java:128)
	at java.base/java.util.ArrayList.forEach(ArrayList.java:1596)
	at org.testng.TestRunner.privateRun(TestRunner.java:794)
	at org.testng.TestRunner.run(TestRunner.java:596)
	at org.testng.SuiteRunner.runTest(SuiteRunner.java:377)
	at org.testng.SuiteRunner.runSequentially(SuiteRunner.java:371)
	at org.testng.SuiteRunner.privateRun(SuiteRunner.java:332)
	at org.testng.SuiteRunner.run(SuiteRunner.java:276)
	at org.testng.SuiteRunnerWorker.runSuite(SuiteRunnerWorker.java:53)
	at org.testng.SuiteRunnerWorker.run(SuiteRunnerWorker.java:96)
	at org.testng.TestNG.runSuitesSequentially(TestNG.java:1212)
	at org.testng.TestNG.runSuitesLocally(TestNG.java:1134)
	at org.testng.TestNG.runSuites(TestNG.java:1063)
	at org.testng.TestNG.run(TestNG.java:1031)
	at org.testng.remote.AbstractRemoteTestNG.run(AbstractRemoteTestNG.java:115)
	at org.testng.remote.RemoteTestNG.initAndRun(RemoteTestNG.java:293)
	at org.testng.remote.RemoteTestNG.main(RemoteTestNG.java:91)
</pre></div></td>
<td>0</td>
<td>com.sportyshoesTestCases.AdminLoginPageTest@7ce026d3</td></tr>
</table><p>
<table width='100%' border='1' class='invocation-skipped'>
<tr><td colspan='4' align='center'><b>SKIPPED CONFIGURATIONS</b></td></tr>
<tr><td><b>Test method</b></td>
<td width="30%"><b>Exception</b></td>
<td width="10%"><b>Time (seconds)</b></td>
<td><b>Instance</b></td>
</tr>
<tr>
<td title='com.sportyshoesTestCases.AdminLoginPageTest.afterTestTearDown()'><b>afterTestTearDown</b><br>Test class: com.sportyshoesTestCases.AdminLoginPageTest</td>
<td></td>
<td>-1730539395</td>
<td>com.sportyshoesTestCases.AdminLoginPageTest@7ce026d3</td></tr>
</table><p>
<table width='100%' border='1' class='invocation-passed'>
<tr><td colspan='4' align='center'><b>PASSED TESTS</b></td></tr>
<tr><td><b>Test method</b></td>
<td width="30%"><b>Exception</b></td>
<td width="10%"><b>Time (seconds)</b></td>
<td><b>Instance</b></td>
</tr>
<tr>
<td title='com.sportyshoesTestCases.AdminDashboardPageTest.verifyDashboardHeader()'><b>verifyDashboardHeader</b><br>Test class: com.sportyshoesTestCases.AdminDashboardPageTest</td>
<td></td>
<td>0</td>
<td>com.sportyshoesTestCases.AdminDashboardPageTest@451001e5</td></tr>
<tr>
<td title='com.sportyshoesTestCases.SignUpPageTest.signupPageTest()'><b>signupPageTest</b><br>Test class: com.sportyshoesTestCases.SignUpPageTest</td>
<td></td>
<td>1</td>
<td>com.sportyshoesTestCases.SignUpPageTest@57a78e3</td></tr>
<tr>
<td title='com.sportyshoesTestCases.AdminDashboardPageTest.productSearchTest()'><b>productSearchTest</b><br>Test class: com.sportyshoesTestCases.AdminDashboardPageTest</td>
<td></td>
<td>0</td>
<td>com.sportyshoesTestCases.AdminDashboardPageTest@451001e5</td></tr>
<tr>
<td title='com.sportyshoesTestCases.AdminDashboardPageTest.verifyLogout()'><b>verifyLogout</b><br>Test class: com.sportyshoesTestCases.AdminDashboardPageTest</td>
<td></td>
<td>0</td>
<td>com.sportyshoesTestCases.AdminDashboardPageTest@451001e5</td></tr>
<tr>
<td title='com.sportyshoesTestCases.UserDashboardTest.verifyUserDashboardElements()'><b>verifyUserDashboardElements</b><br>Test class: com.sportyshoesTestCases.UserDashboardTest</td>
<td></td>
<td>0</td>
<td>com.sportyshoesTestCases.UserDashboardTest@4d1c005e</td></tr>
<tr>
<td title='com.sportyshoesTestCases.UserDashboardTest.addToCartTest()'><b>addToCartTest</b><br>Test class: com.sportyshoesTestCases.UserDashboardTest</td>
<td></td>
<td>1</td>
<td>com.sportyshoesTestCases.UserDashboardTest@4d1c005e</td></tr>
<tr>
<td title='com.sportyshoesTestCases.UserProfilePageTest.testLogout()'><b>testLogout</b><br>Test class: com.sportyshoesTestCases.UserProfilePageTest</td>
<td></td>
<td>0</td>
<td>com.sportyshoesTestCases.UserProfilePageTest@8462f31</td></tr>
<tr>
<td title='com.sportyshoesTestCases.UserDashboardTest.verifyLogout()'><b>verifyLogout</b><br>Test class: com.sportyshoesTestCases.UserDashboardTest</td>
<td></td>
<td>0</td>
<td>com.sportyshoesTestCases.UserDashboardTest@4d1c005e</td></tr>
<tr>
<td title='com.sportyshoesTestCases.UserProfilePageTest.testViewPastPurchases()'><b>testViewPastPurchases</b><br>Test class: com.sportyshoesTestCases.UserProfilePageTest</td>
<td></td>
<td>0</td>
<td>com.sportyshoesTestCases.UserProfilePageTest@8462f31</td></tr>
<tr>
<td title='com.sportyshoesTestCases.UserDashboardTest.verifyNavigationLinks()'><b>verifyNavigationLinks</b><br>Test class: com.sportyshoesTestCases.UserDashboardTest</td>
<td></td>
<td>0</td>
<td>com.sportyshoesTestCases.UserDashboardTest@4d1c005e</td></tr>
<tr>
<td title='com.sportyshoesTestCases.UserDashboardTest.addMultipleItemsToCart()'><b>addMultipleItemsToCart</b><br>Test class: com.sportyshoesTestCases.UserDashboardTest</td>
<td></td>
<td>1</td>
<td>com.sportyshoesTestCases.UserDashboardTest@4d1c005e</td></tr>
<tr>
<td title='com.sportyshoesTestCases.UserDashboardTest.verifyProductDetails()'><b>verifyProductDetails</b><br>Test class: com.sportyshoesTestCases.UserDashboardTest</td>
<td></td>
<td>1</td>
<td>com.sportyshoesTestCases.UserDashboardTest@4d1c005e</td></tr>
<tr>
<td title='com.sportyshoesTestCases.AdminDashboardPageTest.verifyProductList()'><b>verifyProductList</b><br>Test class: com.sportyshoesTestCases.AdminDashboardPageTest</td>
<td></td>
<td>0</td>
<td>com.sportyshoesTestCases.AdminDashboardPageTest@451001e5</td></tr>
<tr>
<td title='com.sportyshoesTestCases.AdminDashboardPageTest.addProductTest()'><b>addProductTest</b><br>Test class: com.sportyshoesTestCases.AdminDashboardPageTest</td>
<td></td>
<td>1</td>
<td>com.sportyshoesTestCases.AdminDashboardPageTest@451001e5</td></tr>
<tr>
<td title='com.sportyshoesTestCases.UserLoginPageTest.verifyUserLogin()'><b>verifyUserLogin</b><br>Test class: com.sportyshoesTestCases.UserLoginPageTest</td>
<td></td>
<td>0</td>
<td>com.sportyshoesTestCases.UserLoginPageTest@2b40ff9c</td></tr>
<tr>
<td title='com.sportyshoesTestCases.UserProfilePageTest.verifyUserProfilePageElements()'><b>verifyUserProfilePageElements</b><br>Test class: com.sportyshoesTestCases.UserProfilePageTest</td>
<td></td>
<td>0</td>
<td>com.sportyshoesTestCases.UserProfilePageTest@8462f31</td></tr>
<tr>
<td title='com.sportyshoesTestCases.UserProfilePageTest.testViewCart()'><b>testViewCart</b><br>Test class: com.sportyshoesTestCases.UserProfilePageTest</td>
<td></td>
<td>0</td>
<td>com.sportyshoesTestCases.UserProfilePageTest@8462f31</td></tr>
<tr>
<td title='com.sportyshoesTestCases.UserProfilePageTest.testEditProfileNavigation()'><b>testEditProfileNavigation</b><br>Test class: com.sportyshoesTestCases.UserProfilePageTest</td>
<td></td>
<td>0</td>
<td>com.sportyshoesTestCases.UserProfilePageTest@8462f31</td></tr>
</table><p>
<table width='100%' border='1' class='invocation-skipped'>
<tr><td colspan='4' align='center'><b>SKIPPED TESTS</b></td></tr>
<tr><td><b>Test method</b></td>
<td width="30%"><b>Exception</b></td>
<td width="10%"><b>Time (seconds)</b></td>
<td><b>Instance</b></td>
</tr>
<tr>
<td title='com.sportyshoesTestCases.AdminLoginPageTest.verifyAdminLogin()'><b>verifyAdminLogin</b><br>Test class: com.sportyshoesTestCases.AdminLoginPageTest<br>Test method: Verify Admin Dashboard Display After Login</td>
<td><div><pre>org.openqa.selenium.UnhandledAlertException: unexpected alert open: {Alert text : User created successfully!}
  (Session info: chrome=127.0.6533.73): User created successfully!
Build info: version: &apos;4.19.1&apos;, revision: &apos;abe0ee07dc&apos;
System info: os.name: &apos;Windows 10&apos;, os.arch: &apos;amd64&apos;, os.version: &apos;10.0&apos;, java.version: &apos;21.0.3&apos;
Driver info: org.openqa.selenium.chrome.ChromeDriver
Command: [d13a43bc38eb1fb8a0e50afd10d65239, get {url=http://localhost:9292/login}]
Capabilities {acceptInsecureCerts: false, browserName: chrome, browserVersion: 127.0.6533.73, chrome: {chromedriverVersion: 127.0.6533.119 (bdef6783a05..., userDataDir: C:\Users\sunil\AppData\Loca...}, fedcm:accounts: true, goog:chromeOptions: {debuggerAddress: localhost:55866}, networkConnectionEnabled: false, pageLoadStrategy: normal, platformName: windows, proxy: Proxy(), se:cdp: ws://localhost:55866/devtoo..., se:cdpVersion: 127.0.6533.73, setWindowRect: true, strictFileInteractability: false, timeouts: {implicit: 0, pageLoad: 300000, script: 30000}, unhandledPromptBehavior: dismiss and notify, webauthn:extension:credBlob: true, webauthn:extension:largeBlob: true, webauthn:extension:minPinLength: true, webauthn:extension:prf: true, webauthn:virtualAuthenticators: true}
Session ID: d13a43bc38eb1fb8a0e50afd10d65239
	at org.openqa.selenium.remote.codec.w3c.W3CHttpResponseCodec.decode(W3CHttpResponseCodec.java:136)
	at org.openqa.selenium.remote.codec.w3c.W3CHttpResponseCodec.decode(W3CHttpResponseCodec.java:50)
	at org.openqa.selenium.remote.HttpCommandExecutor.execute(HttpCommandExecutor.java:190)
	at org.openqa.selenium.remote.service.DriverCommandExecutor.invokeExecute(DriverCommandExecutor.java:216)
	at org.openqa.selenium.remote.service.DriverCommandExecutor.execute(DriverCommandExecutor.java:174)
	at org.openqa.selenium.remote.RemoteWebDriver.execute(RemoteWebDriver.java:518)
	at org.openqa.selenium.remote.RemoteWebDriver.get(RemoteWebDriver.java:300)
	at com.base.BaseClass.login(BaseClass.java:47)
	at com.sportyshoesTestCases.AdminLoginPageTest.adminLogin(AdminLoginPageTest.java:25)
	at java.base/java.util.ArrayList.forEach(ArrayList.java:1596)
... Removed 29 stack frames</pre></div><a href='#' onClick='toggleBox("stack-trace469643779", this, "Click to show all stack frames", "Click to hide stack frames")'>Click to show all stack frames</a>
<div class='stack-trace' id='stack-trace469643779'><pre>org.openqa.selenium.UnhandledAlertException: unexpected alert open: {Alert text : User created successfully!}
  (Session info: chrome=127.0.6533.73): User created successfully!
Build info: version: &apos;4.19.1&apos;, revision: &apos;abe0ee07dc&apos;
System info: os.name: &apos;Windows 10&apos;, os.arch: &apos;amd64&apos;, os.version: &apos;10.0&apos;, java.version: &apos;21.0.3&apos;
Driver info: org.openqa.selenium.chrome.ChromeDriver
Command: [d13a43bc38eb1fb8a0e50afd10d65239, get {url=http://localhost:9292/login}]
Capabilities {acceptInsecureCerts: false, browserName: chrome, browserVersion: 127.0.6533.73, chrome: {chromedriverVersion: 127.0.6533.119 (bdef6783a05..., userDataDir: C:\Users\sunil\AppData\Loca...}, fedcm:accounts: true, goog:chromeOptions: {debuggerAddress: localhost:55866}, networkConnectionEnabled: false, pageLoadStrategy: normal, platformName: windows, proxy: Proxy(), se:cdp: ws://localhost:55866/devtoo..., se:cdpVersion: 127.0.6533.73, setWindowRect: true, strictFileInteractability: false, timeouts: {implicit: 0, pageLoad: 300000, script: 30000}, unhandledPromptBehavior: dismiss and notify, webauthn:extension:credBlob: true, webauthn:extension:largeBlob: true, webauthn:extension:minPinLength: true, webauthn:extension:prf: true, webauthn:virtualAuthenticators: true}
Session ID: d13a43bc38eb1fb8a0e50afd10d65239
	at org.openqa.selenium.remote.codec.w3c.W3CHttpResponseCodec.decode(W3CHttpResponseCodec.java:136)
	at org.openqa.selenium.remote.codec.w3c.W3CHttpResponseCodec.decode(W3CHttpResponseCodec.java:50)
	at org.openqa.selenium.remote.HttpCommandExecutor.execute(HttpCommandExecutor.java:190)
	at org.openqa.selenium.remote.service.DriverCommandExecutor.invokeExecute(DriverCommandExecutor.java:216)
	at org.openqa.selenium.remote.service.DriverCommandExecutor.execute(DriverCommandExecutor.java:174)
	at org.openqa.selenium.remote.RemoteWebDriver.execute(RemoteWebDriver.java:518)
	at org.openqa.selenium.remote.RemoteWebDriver.get(RemoteWebDriver.java:300)
	at com.base.BaseClass.login(BaseClass.java:47)
	at com.sportyshoesTestCases.AdminLoginPageTest.adminLogin(AdminLoginPageTest.java:25)
	at java.base/jdk.internal.reflect.DirectMethodHandleAccessor.invoke(DirectMethodHandleAccessor.java:103)
	at java.base/java.lang.reflect.Method.invoke(Method.java:580)
	at org.testng.internal.MethodInvocationHelper.invokeMethod(MethodInvocationHelper.java:133)
	at org.testng.internal.MethodInvocationHelper.invokeMethodConsideringTimeout(MethodInvocationHelper.java:62)
	at org.testng.internal.ConfigInvoker.invokeConfigurationMethod(ConfigInvoker.java:385)
	at org.testng.internal.ConfigInvoker.invokeConfigurations(ConfigInvoker.java:321)
	at org.testng.internal.TestInvoker.runConfigMethods(TestInvoker.java:700)
	at org.testng.internal.TestInvoker.invokeMethod(TestInvoker.java:527)
	at org.testng.internal.TestInvoker.invokeTestMethod(TestInvoker.java:173)
	at org.testng.internal.MethodRunner.runInSequence(MethodRunner.java:46)
	at org.testng.internal.TestInvoker$MethodInvocationAgent.invoke(TestInvoker.java:824)
	at org.testng.internal.TestInvoker.invokeTestMethods(TestInvoker.java:146)
	at org.testng.internal.TestMethodWorker.invokeTestMethods(TestMethodWorker.java:146)
	at org.testng.internal.TestMethodWorker.run(TestMethodWorker.java:128)
	at java.base/java.util.ArrayList.forEach(ArrayList.java:1596)
	at org.testng.TestRunner.privateRun(TestRunner.java:794)
	at org.testng.TestRunner.run(TestRunner.java:596)
	at org.testng.SuiteRunner.runTest(SuiteRunner.java:377)
	at org.testng.SuiteRunner.runSequentially(SuiteRunner.java:371)
	at org.testng.SuiteRunner.privateRun(SuiteRunner.java:332)
	at org.testng.SuiteRunner.run(SuiteRunner.java:276)
	at org.testng.SuiteRunnerWorker.runSuite(SuiteRunnerWorker.java:53)
	at org.testng.SuiteRunnerWorker.run(SuiteRunnerWorker.java:96)
	at org.testng.TestNG.runSuitesSequentially(TestNG.java:1212)
	at org.testng.TestNG.runSuitesLocally(TestNG.java:1134)
	at org.testng.TestNG.runSuites(TestNG.java:1063)
	at org.testng.TestNG.run(TestNG.java:1031)
	at org.testng.remote.AbstractRemoteTestNG.run(AbstractRemoteTestNG.java:115)
	at org.testng.remote.RemoteTestNG.initAndRun(RemoteTestNG.java:293)
	at org.testng.remote.RemoteTestNG.main(RemoteTestNG.java:91)
</pre></div></td>
<td>0</td>
<td>com.sportyshoesTestCases.AdminLoginPageTest@7ce026d3</td></tr>
</table><p>
</body>
</html>