<?xml version="1.0" encoding="UTF-8"?>
<!-- Generated by org.testng.reporters.JUnitXMLReporter -->
<testsuite ignored="10" hostname="Sunil-PC" failures="0" tests="19" name="AllTests" time="23.773" errors="0" timestamp="2024-11-02T09:23:37 GMT">
  <testcase classname="com.sportyshoesTestCases.AdminLoginPageTest" name="@BeforeMethod adminLogin" time="0.029">
    <failure type="org.openqa.selenium.UnhandledAlertException" message="unexpected alert open: {Alert text : User created successfully!}
  (Session info: chrome=127.0.6533.73): User created successfully!
Build info: version: &amp;apos;4.19.1&amp;apos;, revision: &amp;apos;abe0ee07dc&amp;apos;
System info: os.name: &amp;apos;Windows 10&amp;apos;, os.arch: &amp;apos;amd64&amp;apos;, os.version: &amp;apos;10.0&amp;apos;, java.version: &amp;apos;21.0.3&amp;apos;
Driver info: org.openqa.selenium.chrome.ChromeDriver
Command: [d13a43bc38eb1fb8a0e50afd10d65239, get {url=http://localhost:9292/login}]
Capabilities {acceptInsecureCerts: false, browserName: chrome, browserVersion: 127.0.6533.73, chrome: {chromedriverVersion: 127.0.6533.119 (bdef6783a05..., userDataDir: C:\Users\sunil\AppData\Loca...}, fedcm:accounts: true, goog:chromeOptions: {debuggerAddress: localhost:55866}, networkConnectionEnabled: false, pageLoadStrategy: normal, platformName: windows, proxy: Proxy(), se:cdp: ws://localhost:55866/devtoo..., se:cdpVersion: 127.0.6533.73, setWindowRect: true, strictFileInteractability: false, timeouts: {implicit: 0, pageLoad: 300000, script: 30000}, unhandledPromptBehavior: dismiss and notify, webauthn:extension:credBlob: true, webauthn:extension:largeBlob: true, webauthn:extension:minPinLength: true, webauthn:extension:prf: true, webauthn:virtualAuthenticators: true}
Session ID: d13a43bc38eb1fb8a0e50afd10d65239">
      <![CDATA[org.openqa.selenium.UnhandledAlertException: unexpected alert open: {Alert text : User created successfully!}
  (Session info: chrome=127.0.6533.73): User created successfully!
Build info: version: '4.19.1', revision: 'abe0ee07dc'
System info: os.name: 'Windows 10', os.arch: 'amd64', os.version: '10.0', java.version: '21.0.3'
Driver info: org.openqa.selenium.chrome.ChromeDriver
Command: [d13a43bc38eb1fb8a0e50afd10d65239, get {url=http://localhost:9292/login}]
Capabilities {acceptInsecureCerts: false, browserName: chrome, browserVersion: 127.0.6533.73, chrome: {chromedriverVersion: 127.0.6533.119 (bdef6783a05..., userDataDir: C:\Users\sunil\AppData\Loca...}, fedcm:accounts: true, goog:chromeOptions: {debuggerAddress: localhost:55866}, networkConnectionEnabled: false, pageLoadStrategy: normal, platformName: windows, proxy: Proxy(), se:cdp: ws://localhost:55866/devtoo..., se:cdpVersion: 127.0.6533.73, setWindowRect: true, strictFileInteractability: false, timeouts: {implicit: 0, pageLoad: 300000, script: 30000}, unhandledPromptBehavior: dismiss and notify, webauthn:extension:credBlob: true, webauthn:extension:largeBlob: true, webauthn:extension:minPinLength: true, webauthn:extension:prf: true, webauthn:virtualAuthenticators: true}
Session ID: d13a43bc38eb1fb8a0e50afd10d65239
at org.openqa.selenium.remote.codec.w3c.W3CHttpResponseCodec.decode(W3CHttpResponseCodec.java:136)
at org.openqa.selenium.remote.codec.w3c.W3CHttpResponseCodec.decode(W3CHttpResponseCodec.java:50)
at org.openqa.selenium.remote.HttpCommandExecutor.execute(HttpCommandExecutor.java:190)
at org.openqa.selenium.remote.service.DriverCommandExecutor.invokeExecute(DriverCommandExecutor.java:216)
at org.openqa.selenium.remote.service.DriverCommandExecutor.execute(DriverCommandExecutor.java:174)
at org.openqa.selenium.remote.RemoteWebDriver.execute(RemoteWebDriver.java:518)
at org.openqa.selenium.remote.RemoteWebDriver.get(RemoteWebDriver.java:300)
at com.base.BaseClass.login(BaseClass.java:47)
at com.sportyshoesTestCases.AdminLoginPageTest.adminLogin(AdminLoginPageTest.java:25)
at java.base/java.util.ArrayList.forEach(ArrayList.java:1596)
... Removed 29 stack frames]]>
    </failure>
  </testcase> <!-- @BeforeMethod adminLogin -->
  <testcase classname="com.base.BaseClass" name="@AfterMethod afterTestTearDown" time="-1.730539395017E9">
    <skipped/>
  </testcase> <!-- @AfterMethod afterTestTearDown -->
  <testcase classname="com.sportyshoesTestCases.SignUpPageTest" name="signupPageTest" time="1.593"/>
  <testcase classname="com.sportyshoesTestCases.AdminLoginPageTest" name="verifyAdminLogin" time="0.0">
    <skipped/>
  </testcase> <!-- verifyAdminLogin -->
  <testcase classname="com.sportyshoesTestCases.AdminDashboardPageTest" name="verifyDashboardHeader" time="0.098"/>
  <testcase classname="com.sportyshoesTestCases.AdminDashboardPageTest" name="verifyProductList" time="0.514"/>
  <testcase classname="com.sportyshoesTestCases.AdminDashboardPageTest" name="addProductTest" time="1.133"/>
  <testcase classname="com.sportyshoesTestCases.AdminDashboardPageTest" name="productSearchTest" time="0.614"/>
  <testcase classname="com.sportyshoesTestCases.AdminDashboardPageTest" name="verifyLogout" time="0.192"/>
  <testcase classname="com.sportyshoesTestCases.UserLoginPageTest" name="verifyUserLogin" time="0.056"/>
  <testcase classname="com.sportyshoesTestCases.UserDashboardTest" name="verifyUserDashboardElements" time="0.653"/>
  <testcase classname="com.sportyshoesTestCases.UserDashboardTest" name="addToCartTest" time="1.088"/>
  <testcase classname="com.sportyshoesTestCases.UserDashboardTest" name="verifyProductDetails" time="1.164"/>
  <testcase classname="com.sportyshoesTestCases.UserDashboardTest" name="verifyNavigationLinks" time="0.86"/>
  <testcase classname="com.sportyshoesTestCases.UserDashboardTest" name="addMultipleItemsToCart" time="1.478"/>
  <testcase classname="com.sportyshoesTestCases.UserDashboardTest" name="verifyLogout" time="0.265"/>
  <testcase classname="com.sportyshoesTestCases.UserProfilePageTest" name="verifyUserProfilePageElements" time="0.576"/>
  <testcase classname="com.sportyshoesTestCases.UserProfilePageTest" name="testEditProfileNavigation" time="0.65"/>
  <testcase classname="com.sportyshoesTestCases.UserProfilePageTest" name="testViewPastPurchases" time="0.167"/>
  <testcase classname="com.sportyshoesTestCases.UserProfilePageTest" name="testViewCart" time="0.264"/>
  <testcase classname="com.sportyshoesTestCases.UserProfilePageTest" name="testLogout" time="0.237"/>
  <testcase classname="com.base.BaseClass" name="@AfterSuite tearDown" time="0.0">
    <ignored/>
  </testcase> <!-- @AfterSuite tearDown -->
  <testcase classname="com.base.BaseClass" name="@AfterSuite tearDown" time="0.0">
    <ignored/>
  </testcase> <!-- @AfterSuite tearDown -->
  <testcase classname="com.base.BaseClass" name="@AfterSuite tearDown" time="0.0">
    <ignored/>
  </testcase> <!-- @AfterSuite tearDown -->
  <testcase classname="com.base.BaseClass" name="@AfterSuite tearDown" time="0.0">
    <ignored/>
  </testcase> <!-- @AfterSuite tearDown -->
  <testcase classname="com.base.BaseClass" name="@AfterSuite tearDown" time="0.0">
    <ignored/>
  </testcase> <!-- @AfterSuite tearDown -->
  <testcase classname="com.base.BaseClass" name="@BeforeSuite setUp" time="0.0">
    <ignored/>
  </testcase> <!-- @BeforeSuite setUp -->
  <testcase classname="com.base.BaseClass" name="@BeforeSuite setUp" time="0.0">
    <ignored/>
  </testcase> <!-- @BeforeSuite setUp -->
  <testcase classname="com.base.BaseClass" name="@BeforeSuite setUp" time="0.0">
    <ignored/>
  </testcase> <!-- @BeforeSuite setUp -->
  <testcase classname="com.base.BaseClass" name="@BeforeSuite setUp" time="0.0">
    <ignored/>
  </testcase> <!-- @BeforeSuite setUp -->
  <testcase classname="com.base.BaseClass" name="@BeforeSuite setUp" time="0.0">
    <ignored/>
  </testcase> <!-- @BeforeSuite setUp -->
</testsuite> <!-- AllTests -->
